-------------------------------------------------------------------------------
Test set: TestSuite
-------------------------------------------------------------------------------
Tests run: 1, Failures: 1, Errors: 0, Skipped: 0, Time elapsed: 1.016 s <<< FAILURE! - in TestSuite
TestRunner.setUpClass  Time elapsed: 0.747 s  <<< FAILURE!
io.cucumber.core.exception.CucumberException: Failed to parse 'cucumber.filter.tags' with value '"@regression @smoke @signup"'
Caused by: io.cucumber.tagexpressions.TagExpressionException: Tag expression '"@regression @smoke @signup"' could not be parsed because of syntax error: expected operator

