<?xml version="1.0" encoding="UTF-8"?>
<testsuite xmlns:xsi="http://www.w3.org/2001/XMLSchema-instance" xsi:noNamespaceSchemaLocation="https://maven.apache.org/surefire/maven-surefire-plugin/xsd/surefire-test-report-3.0.xsd" version="3.0" name="TestSuite" time="1.016" tests="1" errors="0" skipped="0" failures="1">
  <properties>
[...]
</properties>
  <testcase name="setUpClass" classname="TestRunner" time="0.747">
    <failure message="Failed to parse &apos;cucumber.filter.tags&apos; with value &apos;&quot;@regression @smoke @signup&quot;&apos;" type="io.cucumber.core.exception.CucumberException"><![CDATA[io.cucumber.core.exception.CucumberException: Failed to parse 'cucumber.filter.tags' with value '"@regression @smoke @signup"'
Caused by: io.cucumber.tagexpressions.TagExpressionException: Tag expression '"@regression @smoke @signup"' could not be parsed because of syntax error: expected operator
]]></failure>
  </testcase>
</testsuite>